This file contains any messages produced by compilers while
running configure, to aid debugging if configure makes a mistake.

It was created by ddosim configure 0.2, which was
generated by GNU Autoconf 2.61.  Invocation command line was

  $ ./configure 

## --------- ##
## Platform. ##
## --------- ##

hostname = bantarchanap01.citrite.net
uname -m = x86_64
uname -r = 17.7.0
uname -s = Darwin
uname -v = Darwin Kernel Version 17.7.0: Thu Jun 21 22:53:14 PDT 2018; root:xnu-4570.71.2~1/RELEASE_X86_64

/usr/bin/uname -p = i386
/bin/uname -X     = unknown

/bin/arch              = unknown
/usr/bin/arch -k       = unknown
/usr/convex/getsysinfo = unknown
/usr/bin/hostinfo      = Mach kernel version:
	 Darwin Kernel Version 17.7.0: Thu Jun 21 22:53:14 PDT 2018; root:xnu-4570.71.2~1/RELEASE_X86_64
Kernel configured for up to 4 processors.
2 processors are physically available.
4 processors are logically available.
Processor type: x86_64h (Intel x86-64h Haswell)
Processors active: 0 1 2 3
Primary memory available: 8.00 gigabytes
Default processor set: 380 tasks, 2455 threads, 4 processors
Load average: 2.54, Mach factor: 1.62
/bin/machine           = unknown
/usr/bin/oslevel       = unknown
/bin/universe          = unknown

PATH: /usr/local/bin
PATH: /usr/bin
PATH: /bin
PATH: /usr/sbin
PATH: /sbin
PATH: /Applications/Wireshark.app/Contents/MacOS


## ----------- ##
## Core tests. ##
## ----------- ##

configure:1787: checking for a BSD-compatible install
configure:1843: result: /usr/bin/install -c
configure:1854: checking whether build environment is sane
configure:1897: result: yes
configure:1925: checking for a thread-safe mkdir -p
configure:1964: result: ./install-sh -c -d
configure:1977: checking for gawk
configure:2007: result: no
configure:1977: checking for mawk
configure:2007: result: no
configure:1977: checking for nawk
configure:2007: result: no
configure:1977: checking for awk
configure:1993: found /usr/bin/awk
configure:2004: result: awk
configure:2015: checking whether make sets $(MAKE)
configure:2036: result: yes
configure:2288: checking for g++
configure:2304: found /usr/bin/g++
configure:2315: result: g++
configure:2346: checking for C++ compiler version
configure:2353: g++ --version >&5
Configured with: --prefix=/Library/Developer/CommandLineTools/usr --with-gxx-include-dir=/usr/include/c++/4.2.1
Apple LLVM version 10.0.0 (clang-1000.10.44.4)
Target: x86_64-apple-darwin17.7.0
Thread model: posix
InstalledDir: /Library/Developer/CommandLineTools/usr/bin
configure:2356: $? = 0
configure:2363: g++ -v >&5
Configured with: --prefix=/Library/Developer/CommandLineTools/usr --with-gxx-include-dir=/usr/include/c++/4.2.1
Apple LLVM version 10.0.0 (clang-1000.10.44.4)
Target: x86_64-apple-darwin17.7.0
Thread model: posix
InstalledDir: /Library/Developer/CommandLineTools/usr/bin
configure:2366: $? = 0
configure:2373: g++ -V >&5
clang: error: argument to '-V' is missing (expected 1 value)
clang: error: no input files
configure:2376: $? = 1
configure:2399: checking for C++ compiler default output file name
configure:2426: g++    conftest.cpp  >&5
configure:2429: $? = 0
configure:2467: result: a.out
configure:2484: checking whether the C++ compiler works
configure:2494: ./a.out
configure:2497: $? = 0
configure:2514: result: yes
configure:2521: checking whether we are cross compiling
configure:2523: result: no
configure:2526: checking for suffix of executables
configure:2533: g++ -o conftest    conftest.cpp  >&5
configure:2536: $? = 0
configure:2560: result: 
configure:2566: checking for suffix of object files
configure:2592: g++ -c   conftest.cpp >&5
configure:2595: $? = 0
configure:2618: result: o
configure:2622: checking whether we are using the GNU C++ compiler
configure:2651: g++ -c   conftest.cpp >&5
configure:2657: $? = 0
configure:2674: result: yes
configure:2679: checking whether g++ accepts -g
configure:2709: g++ -c -g  conftest.cpp >&5
configure:2715: $? = 0
configure:2814: result: yes
configure:2848: checking for style of include used by make
configure:2876: result: GNU
configure:2901: checking dependency style of g++
configure:2992: result: gcc3
configure:3055: checking for gcc
configure:3071: found /usr/bin/gcc
configure:3082: result: gcc
configure:3320: checking for C compiler version
configure:3327: gcc --version >&5
Configured with: --prefix=/Library/Developer/CommandLineTools/usr --with-gxx-include-dir=/usr/include/c++/4.2.1
Apple LLVM version 10.0.0 (clang-1000.10.44.4)
Target: x86_64-apple-darwin17.7.0
Thread model: posix
InstalledDir: /Library/Developer/CommandLineTools/usr/bin
configure:3330: $? = 0
configure:3337: gcc -v >&5
Configured with: --prefix=/Library/Developer/CommandLineTools/usr --with-gxx-include-dir=/usr/include/c++/4.2.1
Apple LLVM version 10.0.0 (clang-1000.10.44.4)
Target: x86_64-apple-darwin17.7.0
Thread model: posix
InstalledDir: /Library/Developer/CommandLineTools/usr/bin
configure:3340: $? = 0
configure:3347: gcc -V >&5
clang: error: argument to '-V' is missing (expected 1 value)
clang: error: no input files
configure:3350: $? = 1
configure:3353: checking whether we are using the GNU C compiler
configure:3382: gcc -c   conftest.c >&5
configure:3388: $? = 0
configure:3405: result: yes
configure:3410: checking whether gcc accepts -g
configure:3440: gcc -c -g  conftest.c >&5
configure:3446: $? = 0
configure:3545: result: yes
configure:3562: checking for gcc option to accept ISO C89
configure:3636: gcc  -c -g -O2  conftest.c >&5
configure:3642: $? = 0
configure:3665: result: none needed
configure:3685: checking dependency style of gcc
configure:3776: result: gcc3
configure:3795: checking for pcap_open_live in -lpcap
configure:3830: gcc -o conftest -g -O2   conftest.c -lpcap   >&5
configure:3836: $? = 0
configure:3854: result: yes
configure:3870: checking for pthread_mutex_lock in -lpthread
configure:3905: gcc -o conftest -g -O2   conftest.c -lpthread  -lpcap  >&5
configure:3911: $? = 0
configure:3929: result: yes
configure:3945: checking for libnet_init_packet in -lnet
configure:3980: gcc -o conftest -g -O2   conftest.c -lnet  -lpthread -lpcap  >&5
ld: library not found for -lnet
clang: error: linker command failed with exit code 1 (use -v to see invocation)
configure:3986: $? = 1
configure: failed program was:
| /* confdefs.h.  */
| #define PACKAGE_NAME "ddosim"
| #define PACKAGE_TARNAME "ddosim"
| #define PACKAGE_VERSION "0.2"
| #define PACKAGE_STRING "ddosim 0.2"
| #define PACKAGE_BUGREPORT "adif2k8@gmail.com"
| #define PACKAGE "ddosim"
| #define VERSION "0.2"
| #define HAVE_LIBPCAP 1
| #define HAVE_LIBPTHREAD 1
| /* end confdefs.h.  */
| 
| /* Override any GCC internal prototype to avoid an error.
|    Use char because int might match the return type of a GCC
|    builtin and then its argument prototype would still apply.  */
| #ifdef __cplusplus
| extern "C"
| #endif
| char libnet_init_packet ();
| int
| main ()
| {
| return libnet_init_packet ();
|   ;
|   return 0;
| }
configure:4004: result: no
configure:4014: error: libnet0 (dev) is required for this program

## ---------------- ##
## Cache variables. ##
## ---------------- ##

ac_cv_c_compiler_gnu=yes
ac_cv_cxx_compiler_gnu=yes
ac_cv_env_CCC_set=
ac_cv_env_CCC_value=
ac_cv_env_CC_set=
ac_cv_env_CC_value=
ac_cv_env_CFLAGS_set=
ac_cv_env_CFLAGS_value=
ac_cv_env_CPPFLAGS_set=
ac_cv_env_CPPFLAGS_value=
ac_cv_env_CPP_set=
ac_cv_env_CPP_value=
ac_cv_env_CXXFLAGS_set=
ac_cv_env_CXXFLAGS_value=
ac_cv_env_CXX_set=
ac_cv_env_CXX_value=
ac_cv_env_LDFLAGS_set=
ac_cv_env_LDFLAGS_value=
ac_cv_env_LIBS_set=
ac_cv_env_LIBS_value=
ac_cv_env_build_alias_set=
ac_cv_env_build_alias_value=
ac_cv_env_host_alias_set=
ac_cv_env_host_alias_value=
ac_cv_env_target_alias_set=
ac_cv_env_target_alias_value=
ac_cv_lib_net_libnet_init_packet=no
ac_cv_lib_pcap_pcap_open_live=yes
ac_cv_lib_pthread_pthread_mutex_lock=yes
ac_cv_objext=o
ac_cv_path_install='/usr/bin/install -c'
ac_cv_prog_AWK=awk
ac_cv_prog_ac_ct_CC=gcc
ac_cv_prog_ac_ct_CXX=g++
ac_cv_prog_cc_c89=
ac_cv_prog_cc_g=yes
ac_cv_prog_cxx_g=yes
ac_cv_prog_make_make_set=yes
am_cv_CC_dependencies_compiler_type=gcc3
am_cv_CXX_dependencies_compiler_type=gcc3

## ----------------- ##
## Output variables. ##
## ----------------- ##

ACLOCAL='${SHELL} /Users/premkumarsj/Downloads/ddosim-0.2/missing --run aclocal-1.10'
AMDEPBACKSLASH='\'
AMDEP_FALSE='#'
AMDEP_TRUE=''
AMTAR='${SHELL} /Users/premkumarsj/Downloads/ddosim-0.2/missing --run tar'
AUTOCONF='${SHELL} /Users/premkumarsj/Downloads/ddosim-0.2/missing --run autoconf'
AUTOHEADER='${SHELL} /Users/premkumarsj/Downloads/ddosim-0.2/missing --run autoheader'
AUTOMAKE='${SHELL} /Users/premkumarsj/Downloads/ddosim-0.2/missing --run automake-1.10'
AWK='awk'
CC='gcc'
CCDEPMODE='depmode=gcc3'
CFLAGS='-g -O2'
CPP=''
CPPFLAGS=''
CXX='g++'
CXXDEPMODE='depmode=gcc3'
CXXFLAGS='-g -O2'
CYGPATH_W='echo'
DEFS=''
DEPDIR='.deps'
ECHO_C='ECHO_N=''
ECHO_T=''
EGREP=''
EXEEXT=''
GREP=''
INSTALL_DATA='${INSTALL} -m 644'
INSTALL_PROGRAM='${INSTALL}'
INSTALL_SCRIPT='${INSTALL}'
INSTALL_STRIP_PROGRAM='$(install_sh) -c -s'
LDFLAGS=''
LIBOBJS=''
LIBS='-lpthread -lpcap '
LTLIBOBJS=''
MAKEINFO='${SHELL} /Users/premkumarsj/Downloads/ddosim-0.2/missing --run makeinfo'
OBJEXT='o'
PACKAGE='ddosim'
PACKAGE_BUGREPORT='adif2k8@gmail.com'
PACKAGE_NAME='ddosim'
PACKAGE_STRING='ddosim 0.2'
PACKAGE_TARNAME='ddosim'
PACKAGE_VERSION='0.2'
PATH_SEPARATOR=':'
SET_MAKE=''
SHELL='/bin/sh'
STRIP=''
VERSION='0.2'
ac_ct_CC='gcc'
ac_ct_CXX='g++'
am__fastdepCC_FALSE='#'
am__fastdepCC_TRUE=''
am__fastdepCXX_FALSE='#'
am__fastdepCXX_TRUE=''
am__include='include'
am__isrc=''
am__leading_dot='.'
am__quote=''
am__tar='${AMTAR} chof - "$$tardir"'
am__untar='${AMTAR} xf -'
bindir='${exec_prefix}/bin'
build_alias=''
datadir='${datarootdir}'
datarootdir='${prefix}/share'
docdir='${datarootdir}/doc/${PACKAGE_TARNAME}'
dvidir='${docdir}'
exec_prefix='NONE'
host_alias=''
htmldir='${docdir}'
includedir='${prefix}/include'
infodir='${datarootdir}/info'
install_sh='$(SHELL) /Users/premkumarsj/Downloads/ddosim-0.2/install-sh'
libdir='${exec_prefix}/lib'
libexecdir='${exec_prefix}/libexec'
localedir='${datarootdir}/locale'
localstatedir='${prefix}/var'
mandir='${datarootdir}/man'
mkdir_p='$(top_builddir)/./install-sh -c -d'
oldincludedir='/usr/include'
pdfdir='${docdir}'
prefix='NONE'
program_transform_name='s,x,x,'
psdir='${docdir}'
sbindir='${exec_prefix}/sbin'
sharedstatedir='${prefix}/com'
sysconfdir='${prefix}/etc'
target_alias=''

## ----------- ##
## confdefs.h. ##
## ----------- ##

#define PACKAGE_NAME "ddosim"
#define PACKAGE_TARNAME "ddosim"
#define PACKAGE_VERSION "0.2"
#define PACKAGE_STRING "ddosim 0.2"
#define PACKAGE_BUGREPORT "adif2k8@gmail.com"
#define PACKAGE "ddosim"
#define VERSION "0.2"
#define HAVE_LIBPCAP 1
#define HAVE_LIBPTHREAD 1

configure: exit 1
